<?xml version="1.0" encoding="UTF-8"?>
<!-- Generated by org.testng.reporters.JUnitXMLReporter -->
<testsuite hostname="DESKTOP-9IUKI7L" ignored="0" name="LinkedinTest" tests="4" failures="0" timestamp="2020-06-17T01:01:48 CDT" time="33.797" errors="0">
  <testcase name="searchPeopleTest" time="3.198" classname="com.qa.project.testcases.SearchDDTest"/>
  <testcase name="searchPeopleTest" time="3.107" classname="com.qa.project.testcases.SearchDDTest"/>
  <testcase name="searchPeopleTest" time="3.001" classname="com.qa.project.testcases.SearchDDTest"/>
  <testcase name="searchPeopleTest" time="2.872" classname="com.qa.project.testcases.SearchDDTest"/>
</testsuite> <!-- LinkedinTest -->
