<?xml version="1.0" encoding="UTF-8"?>
<!-- Generated by org.testng.reporters.JUnitXMLReporter -->
<testsuite hostname="DESKTOP-9IUKI7L" ignored="0" name="LinkedinTest" tests="4" failures="0" timestamp="2020-06-17T08:25:20 CDT" time="31.085" errors="0">
  <testcase name="searchPeopleTest" time="2.893" classname="com.qa.project.testcases.SearchDDTest"/>
  <testcase name="searchPeopleTest" time="2.973" classname="com.qa.project.testcases.SearchDDTest"/>
  <testcase name="searchPeopleTest" time="2.902" classname="com.qa.project.testcases.SearchDDTest"/>
  <testcase name="searchPeopleTest" time="2.917" classname="com.qa.project.testcases.SearchDDTest"/>
</testsuite> <!-- LinkedinTest -->
